-------------------------------------
Translated Report (Full Report Below)
-------------------------------------

Incident Identifier: AE8F5D7C-47B7-46E1-9FE1-B8F428BDA946
CrashReporter Key:   B48230D6-392E-887F-FCA6-A9390A6B7F57
Hardware Model:      MacBookAir10,1
Process:             IosPokedexOld [35639]
Path:                /Users/USER/Library/Developer/CoreSimulator/Devices/A81B331E-2662-4FA3-89B4-E67D09D0FE5E/data/Containers/Bundle/Application/460B0D5A-2DF0-4AA1-B056-1CA3683B3CFA/IosPokedexOld.app/IosPokedexOld
Identifier:          gelinger.IosPokedexOld
Version:             1.0 (1)
Code Type:           ARM-64 (Native)
Role:                Foreground
Parent Process:      launchd_sim [5517]
Coalition:           com.apple.CoreSimulator.SimDevice.A81B331E-2662-4FA3-89B4-E67D09D0FE5E [1433]
Responsible Process: SimulatorTrampoline [1924]

Date/Time:           2023-07-02 00:10:47.7831 -0300
Launch Time:         2023-07-02 00:10:47.6830 -0300
OS Version:          macOS 13.4.1 (22F82)
Release Type:        User
Report Version:      104

Exception Type:  EXC_CRASH (SIGABRT)
Exception Codes: 0x0000000000000000, 0x0000000000000000
Triggered by Thread:  0

Last Exception Backtrace:
0   CoreFoundation                	       0x180437324 __exceptionPreprocess + 160
1   libobjc.A.dylib               	       0x180051274 objc_exception_throw + 56
2   Foundation                    	       0x180ae29b4 _userInfoForFileAndLine + 0
3   SVGKit                        	       0x10340f688 -[SVGKImage initWithContentsOfFile:] + 144 (SVGKImage.m:341)
4   SVGKit                        	       0x10340e528 +[SVGKImage imageWithContentsOfFile:] + 108 (SVGKImage.m:226)
5   IosPokedexOld                 	       0x102f88a3c -[ViewController viewDidLoad] + 240 (ViewController.m:20)
6   UIKitCore                     	       0x109c94e64 -[UIViewController _sendViewDidLoadWithAppearanceProxyObjectTaggingEnabled] + 80
7   UIKitCore                     	       0x109c98bc8 -[UIViewController loadViewIfRequired] + 708
8   UIKitCore                     	       0x109c98eb4 -[UIViewController view] + 20
9   UIKitCore                     	       0x10a3668d4 -[UIWindow addRootViewControllerViewIfPossible] + 132
10  UIKitCore                     	       0x10a366310 -[UIWindow _updateLayerOrderingAndSetLayerHidden:actionBlock:] + 212
11  UIKitCore                     	       0x10a367150 -[UIWindow _setHidden:forced:] + 228
12  UIKitCore                     	       0x10a375c18 -[UIWindow _mainQueue_makeKeyAndVisible] + 36
13  UIKitCore                     	       0x10a561a50 -[UIWindowScene _performDeferredInitialWindowUpdateForConnection] + 204
14  UIKitCore                     	       0x1098fa868 +[UIScene _sceneForFBSScene:create:withSession:connectionOptions:] + 1096
15  UIKitCore                     	       0x10a3303c8 -[UIApplication _connectUISceneFromFBSScene:transitionContext:] + 880
16  UIKitCore                     	       0x10a330850 -[UIApplication workspace:didCreateScene:withTransitionContext:completion:] + 368
17  UIKitCore                     	       0x109e8f2a0 -[UIApplicationSceneClientAgent scene:didInitializeWithEvent:completion:] + 260
18  FrontBoardServices            	       0x184e58bfc -[FBSScene _callOutQueue_agent_didCreateWithTransitionContext:completion:] + 316
19  FrontBoardServices            	       0x184e7f638 __92-[FBSWorkspaceScenesClient createSceneWithIdentity:parameters:transitionContext:completion:]_block_invoke.61 + 92
20  FrontBoardServices            	       0x184e64704 -[FBSWorkspace _calloutQueue_executeCalloutFromSource:withBlock:] + 160
21  FrontBoardServices            	       0x184e7f2dc __92-[FBSWorkspaceScenesClient createSceneWithIdentity:parameters:transitionContext:completion:]_block_invoke + 296
22  libdispatch.dylib             	       0x180134708 _dispatch_client_callout + 16
23  libdispatch.dylib             	       0x180138644 _dispatch_block_invoke_direct + 376
24  FrontBoardServices            	       0x184e9ef14 __FBSSERIALQUEUE_IS_CALLING_OUT_TO_A_BLOCK__ + 44
25  FrontBoardServices            	       0x184e9ee08 -[FBSSerialQueue _targetQueue_performNextIfPossible] + 176
26  FrontBoardServices            	       0x184e9ef48 -[FBSSerialQueue _performNextFromRunLoopSource] + 24
27  CoreFoundation                	       0x18039ac6c __CFRUNLOOP_IS_CALLING_OUT_TO_A_SOURCE0_PERFORM_FUNCTION__ + 24
28  CoreFoundation                	       0x18039abb4 __CFRunLoopDoSource0 + 172
29  CoreFoundation                	       0x18039a37c __CFRunLoopDoSources0 + 320
30  CoreFoundation                	       0x180394958 __CFRunLoopRun + 748
31  CoreFoundation                	       0x180394254 CFRunLoopRunSpecific + 584
32  GraphicsServices              	       0x188eb7c9c GSEventRunModal + 160
33  UIKitCore                     	       0x10a32eff0 -[UIApplication _run] + 868
34  UIKitCore                     	       0x10a332f3c UIApplicationMain + 124
35  IosPokedexOld                 	       0x102f890a4 main + 120 (main.m:17)
36  dyld_sim                      	       0x10327d514 start_sim + 20
37  dyld                          	       0x103189f28 start + 2236
38  ???                           	0x1354800000000000 ???

Thread 0 Crashed::  Dispatch queue: com.apple.main-thread
0   libsystem_kernel.dylib        	       0x1b17e3fa8 __pthread_kill + 8
1   libsystem_pthread.dylib       	       0x1b183812c pthread_kill + 256
2   libsystem_c.dylib             	       0x18012873c abort + 124
3   libc++abi.dylib               	       0x18023d0a8 abort_message + 128
4   libc++abi.dylib               	       0x18022dbd4 demangling_terminate_handler() + 300
5   libobjc.A.dylib               	       0x180032ea8 _objc_terminate() + 124
6   libc++abi.dylib               	       0x18023c580 std::__terminate(void (*)()) + 12
7   libc++abi.dylib               	       0x18023c530 std::terminate() + 52
8   libdispatch.dylib             	       0x18013471c _dispatch_client_callout + 36
9   libdispatch.dylib             	       0x180138644 _dispatch_block_invoke_direct + 376
10  FrontBoardServices            	       0x184e9ef14 __FBSSERIALQUEUE_IS_CALLING_OUT_TO_A_BLOCK__ + 44
11  FrontBoardServices            	       0x184e9ee08 -[FBSSerialQueue _targetQueue_performNextIfPossible] + 176
12  FrontBoardServices            	       0x184e9ef48 -[FBSSerialQueue _performNextFromRunLoopSource] + 24
13  CoreFoundation                	       0x18039ac6c __CFRUNLOOP_IS_CALLING_OUT_TO_A_SOURCE0_PERFORM_FUNCTION__ + 24
14  CoreFoundation                	       0x18039abb4 __CFRunLoopDoSource0 + 172
15  CoreFoundation                	       0x18039a37c __CFRunLoopDoSources0 + 320
16  CoreFoundation                	       0x180394958 __CFRunLoopRun + 748
17  CoreFoundation                	       0x180394254 CFRunLoopRunSpecific + 584
18  GraphicsServices              	       0x188eb7c9c GSEventRunModal + 160
19  UIKitCore                     	       0x10a32eff0 -[UIApplication _run] + 868
20  UIKitCore                     	       0x10a332f3c UIApplicationMain + 124
21  IosPokedexOld                 	       0x102f890a4 main + 120 (main.m:17)
22  dyld_sim                      	       0x10327d514 start_sim + 20
23  dyld                          	       0x103189f28 start + 2236

Thread 1:
0   libsystem_pthread.dylib       	       0x1b1833634 start_wqthread + 0

Thread 2:
0   libsystem_pthread.dylib       	       0x1b1833634 start_wqthread + 0

Thread 3:
0   libsystem_pthread.dylib       	       0x1b1833634 start_wqthread + 0

Thread 4:: com.apple.uikit.eventfetch-thread
0   libsystem_kernel.dylib        	       0x1b17dc190 mach_msg2_trap + 8
1   libsystem_kernel.dylib        	       0x1b17ed258 mach_msg2_internal + 76
2   libsystem_kernel.dylib        	       0x1b17e4398 mach_msg_overwrite + 540
3   libsystem_kernel.dylib        	       0x1b17dc500 mach_msg + 20
4   CoreFoundation                	       0x18039a4a8 __CFRunLoopServiceMachPort + 156
5   CoreFoundation                	       0x180394ad4 __CFRunLoopRun + 1128
6   CoreFoundation                	       0x180394254 CFRunLoopRunSpecific + 584
7   Foundation                    	       0x180b994bc -[NSRunLoop(NSRunLoop) runMode:beforeDate:] + 208
8   Foundation                    	       0x180b996e0 -[NSRunLoop(NSRunLoop) runUntilDate:] + 60
9   UIKitCore                     	       0x10a3ce714 -[UIEventFetcher threadMain] + 404
10  Foundation                    	       0x180bbede0 __NSThread__start__ + 704
11  libsystem_pthread.dylib       	       0x1b1838428 _pthread_start + 116
12  libsystem_pthread.dylib       	       0x1b1833648 thread_start + 8

Thread 5:
0   libsystem_pthread.dylib       	       0x1b1833634 start_wqthread + 0

Thread 6:
0   libsystem_pthread.dylib       	       0x1b1833634 start_wqthread + 0


Thread 0 crashed with ARM Thread State (64-bit):
    x0: 0x0000000000000000   x1: 0x0000000000000000   x2: 0x0000000000000000   x3: 0x0000000000000000
    x4: 0x0000000180240507   x5: 0x000000016ce78e30   x6: 0x000000000000006e   x7: 0x0000000000000500
    x8: 0x0000000103220240   x9: 0xa2057aa16192aea5  x10: 0x0000000000000200  x11: 0x000000000000000b
   x12: 0x000000000000000b  x13: 0x00000000001ff800  x14: 0x00000000000007fb  x15: 0x00000000a121604d
   x16: 0x0000000000000148  x17: 0x00000000a121604d  x18: 0x0000000000000000  x19: 0x0000000000000006
   x20: 0x0000000103220240  x21: 0x0000000000000103  x22: 0x0000000103220320  x23: 0x0000000000000000
   x24: 0xffffffff02000000  x25: 0x0000000000000002  x26: 0x0000000000000001  x27: 0x00000000211200d5
   x28: 0x0000000000000001   fp: 0x000000016ce78da0   lr: 0x00000001b183812c
    sp: 0x000000016ce78d80   pc: 0x00000001b17e3fa8 cpsr: 0x40001000
   far: 0x000000018023125c  esr: 0x56000080  Address size fault

Binary Images:
       0x103184000 -        0x103213fff dyld (*) <2237410f-d39c-30ce-9a94-13aacb66b766> /usr/lib/dyld
       0x10327c000 -        0x1032cbfff dyld_sim (*) <4eba7f04-0a30-3166-8a68-9125b8a1d5f9> /Users/USER/Downloads/*/Xcode.app/Contents/Developer/Platforms/iPhoneOS.platform/Library/Developer/CoreSimulator/Profiles/Runtimes/iOS.simruntime/Contents/Resources/RuntimeRoot/usr/lib/dyld_sim
       0x102f84000 -        0x102f8bfff gelinger.IosPokedexOld (1.0) <d2a95f6c-89e6-362e-a70c-6c07d722773c> /Users/USER/Library/Developer/CoreSimulator/Devices/A81B331E-2662-4FA3-89B4-E67D09D0FE5E/data/Containers/Bundle/Application/460B0D5A-2DF0-4AA1-B056-1CA3683B3CFA/IosPokedexOld.app/IosPokedexOld
       0x103088000 -        0x1030affff org.cocoapods.CocoaLumberjack (3.7.4) <917a7349-bafd-3732-9e92-27bb0e7ad58b> /Users/USER/Library/Developer/CoreSimulator/Devices/A81B331E-2662-4FA3-89B4-E67D09D0FE5E/data/Containers/Bundle/Application/460B0D5A-2DF0-4AA1-B056-1CA3683B3CFA/IosPokedexOld.app/Frameworks/CocoaLumberjack.framework/CocoaLumberjack
       0x1033ec000 -        0x10344bfff org.cocoapods.SVGKit (3.0.0) <e48595a8-66cd-3e63-8ecd-736165a49946> /Users/USER/Library/Developer/CoreSimulator/Devices/A81B331E-2662-4FA3-89B4-E67D09D0FE5E/data/Containers/Bundle/Application/460B0D5A-2DF0-4AA1-B056-1CA3683B3CFA/IosPokedexOld.app/Frameworks/SVGKit.framework/SVGKit
       0x103044000 -        0x103047fff com.apple.UIKit (1.0) <7e2b5d6b-224b-39a1-af92-5f3909a01490> /Users/USER/Downloads/*/Xcode.app/Contents/Developer/Platforms/iPhoneOS.platform/Library/Developer/CoreSimulator/Profiles/Runtimes/iOS.simruntime/Contents/Resources/RuntimeRoot/System/Library/Frameworks/UIKit.framework/UIKit
       0x103310000 -        0x103357fff com.apple.DocumentManager (1.0) <f55c5260-df24-3181-b7be-db7ee1ceae80> /Users/USER/Downloads/*/Xcode.app/Contents/Developer/Platforms/iPhoneOS.platform/Library/Developer/CoreSimulator/Profiles/Runtimes/iOS.simruntime/Contents/Resources/RuntimeRoot/System/Library/PrivateFrameworks/DocumentManager.framework/DocumentManager
       0x1098b0000 -        0x10af93fff com.apple.UIKitCore (1.0) <6726ae46-2599-3f92-adca-c48a0512d4ea> /Users/USER/Downloads/*/Xcode.app/Contents/Developer/Platforms/iPhoneOS.platform/Library/Developer/CoreSimulator/Profiles/Runtimes/iOS.simruntime/Contents/Resources/RuntimeRoot/System/Library/PrivateFrameworks/UIKitCore.framework/UIKitCore
       0x10392c000 -        0x103a1bfff com.apple.ShareSheet (1885) <dc8e84eb-1e2c-3415-af31-e86b29fa6b2d> /Users/USER/Downloads/*/Xcode.app/Contents/Developer/Platforms/iPhoneOS.platform/Library/Developer/CoreSimulator/Profiles/Runtimes/iOS.simruntime/Contents/Resources/RuntimeRoot/System/Library/PrivateFrameworks/ShareSheet.framework/ShareSheet
       0x103738000 -        0x1037c3fff com.apple.PrintKitUI (1.0) <74ff1df9-3f27-335a-9673-8991789c7e21> /Users/USER/Downloads/*/Xcode.app/Contents/Developer/Platforms/iPhoneOS.platform/Library/Developer/CoreSimulator/Profiles/Runtimes/iOS.simruntime/Contents/Resources/RuntimeRoot/System/Library/PrivateFrameworks/PrintKitUI.framework/PrintKitUI
       0x1041fc000 -        0x104393fff com.apple.WebKitLegacy (8615) <d8b6af72-5e3d-39b2-bb59-e512d81bc65b> /Users/USER/Downloads/*/Xcode.app/Contents/Developer/Platforms/iPhoneOS.platform/Library/Developer/CoreSimulator/Profiles/Runtimes/iOS.simruntime/Contents/Resources/RuntimeRoot/System/Cryptexes/OS/System/Library/PrivateFrameworks/WebKitLegacy.framework/WebKitLegacy
       0x107c88000 -        0x10913ffff com.apple.JavaScriptCore (8615) <6c92ecb5-f484-3925-b8ac-132e313d11cc> /Users/USER/Downloads/*/Xcode.app/Contents/Developer/Platforms/iPhoneOS.platform/Library/Developer/CoreSimulator/Profiles/Runtimes/iOS.simruntime/Contents/Resources/RuntimeRoot/System/Cryptexes/OS/System/Library/Frameworks/JavaScriptCore.framework/JavaScriptCore
       0x114740000 -        0x116f17fff com.apple.WebCore (8615) <d5407764-9477-39b2-913f-54409e0fe6cd> /Users/USER/Downloads/*/Xcode.app/Contents/Developer/Platforms/iPhoneOS.platform/Library/Developer/CoreSimulator/Profiles/Runtimes/iOS.simruntime/Contents/Resources/RuntimeRoot/System/Cryptexes/OS/System/Library/PrivateFrameworks/WebCore.framework/WebCore
       0x103b70000 -        0x103ed7fff libANGLE-shared.dylib (*) <094a5d7d-536f-3c65-bf0f-42037de47f30> /Users/USER/Downloads/*/Xcode.app/Contents/Developer/Platforms/iPhoneOS.platform/Library/Developer/CoreSimulator/Profiles/Runtimes/iOS.simruntime/Contents/Resources/RuntimeRoot/System/Cryptexes/OS/System/Library/PrivateFrameworks/WebCore.framework/Frameworks/libANGLE-shared.dylib
       0x1030e8000 -        0x10313ffff com.apple.WebGPU (8615) <84b58cce-be36-3c7e-8f54-801c8cb3c7fa> /Users/USER/Downloads/*/Xcode.app/Contents/Developer/Platforms/iPhoneOS.platform/Library/Developer/CoreSimulator/Profiles/Runtimes/iOS.simruntime/Contents/Resources/RuntimeRoot/System/Cryptexes/OS/System/Library/PrivateFrameworks/WebGPU.framework/WebGPU
       0x106160000 -        0x106bb3fff libwebrtc.dylib (*) <f606aa36-49b5-3263-a825-d170b63fa66a> /Users/USER/Downloads/*/Xcode.app/Contents/Developer/Platforms/iPhoneOS.platform/Library/Developer/CoreSimulator/Profiles/Runtimes/iOS.simruntime/Contents/Resources/RuntimeRoot/System/Cryptexes/OS/System/Library/PrivateFrameworks/WebCore.framework/Frameworks/libwebrtc.dylib
       0x103578000 -        0x103583fff libobjc-trampolines.dylib (*) <806ae646-0aee-359b-883f-e4018780ec94> /Users/USER/Downloads/*/Xcode.app/Contents/Developer/Platforms/iPhoneOS.platform/Library/Developer/CoreSimulator/Profiles/Runtimes/iOS.simruntime/Contents/Resources/RuntimeRoot/usr/lib/libobjc-trampolines.dylib
       0x1b17db000 -        0x1b1812fe7 libsystem_kernel.dylib (*) <4440d44a-2ab3-3da1-9d8b-42f51e44b45b> /usr/lib/system/libsystem_kernel.dylib
       0x1b1831000 -        0x1b183dff7 libsystem_pthread.dylib (*) <ba7c01fe-353b-3146-a7c6-f2bb8a0fa842> /usr/lib/system/libsystem_pthread.dylib
       0x1800b6000 -        0x180130ffb libsystem_c.dylib (*) <6b3ced39-3f0d-3bb2-a2b1-34062cf5c8eb> /Users/USER/Downloads/*/Xcode.app/Contents/Developer/Platforms/iPhoneOS.platform/Library/Developer/CoreSimulator/Profiles/Runtimes/iOS.simruntime/Contents/Resources/RuntimeRoot/usr/lib/system/libsystem_c.dylib
       0x180229000 -        0x180242fff libc++abi.dylib (*) <0e23e223-5e94-3fc8-9d0e-a75c9606e267> /Users/USER/Downloads/*/Xcode.app/Contents/Developer/Platforms/iPhoneOS.platform/Library/Developer/CoreSimulator/Profiles/Runtimes/iOS.simruntime/Contents/Resources/RuntimeRoot/usr/lib/libc++abi.dylib
       0x18002c000 -        0x180060f1f libobjc.A.dylib (*) <dfe7d97e-d1bd-38d9-b8f1-5c58d6bbf6ad> /Users/USER/Downloads/*/Xcode.app/Contents/Developer/Platforms/iPhoneOS.platform/Library/Developer/CoreSimulator/Profiles/Runtimes/iOS.simruntime/Contents/Resources/RuntimeRoot/usr/lib/libobjc.A.dylib
       0x180131000 -        0x180177fff libdispatch.dylib (*) <392b7c55-8c38-3dea-b7af-c3d7f518e987> /Users/USER/Downloads/*/Xcode.app/Contents/Developer/Platforms/iPhoneOS.platform/Library/Developer/CoreSimulator/Profiles/Runtimes/iOS.simruntime/Contents/Resources/RuntimeRoot/usr/lib/system/libdispatch.dylib
       0x184e52000 -        0x184ee6fff com.apple.FrontBoardServices (812.106) <27de4127-9c41-3ae7-b6c0-d00b0bcd38cd> /Users/USER/Downloads/*/Xcode.app/Contents/Developer/Platforms/iPhoneOS.platform/Library/Developer/CoreSimulator/Profiles/Runtimes/iOS.simruntime/Contents/Resources/RuntimeRoot/System/Library/PrivateFrameworks/FrontBoardServices.framework/FrontBoardServices
       0x180315000 -        0x1806c3fff com.apple.CoreFoundation (6.9) <132e87d0-14ac-310c-a5e9-3d9c921cc8ea> /Users/USER/Downloads/*/Xcode.app/Contents/Developer/Platforms/iPhoneOS.platform/Library/Developer/CoreSimulator/Profiles/Runtimes/iOS.simruntime/Contents/Resources/RuntimeRoot/System/Library/Frameworks/CoreFoundation.framework/CoreFoundation
       0x188eb4000 -        0x188ebcfff com.apple.GraphicsServices (1.0) <8e24edb2-1c99-3652-9ef0-e66191675515> /Users/USER/Downloads/*/Xcode.app/Contents/Developer/Platforms/iPhoneOS.platform/Library/Developer/CoreSimulator/Profiles/Runtimes/iOS.simruntime/Contents/Resources/RuntimeRoot/System/Library/PrivateFrameworks/GraphicsServices.framework/GraphicsServices
       0x18073a000 -        0x180f8bfff com.apple.Foundation (6.9) <e7f2a1f0-fb2c-3074-a4ea-e5853bffcee4> /Users/USER/Downloads/*/Xcode.app/Contents/Developer/Platforms/iPhoneOS.platform/Library/Developer/CoreSimulator/Profiles/Runtimes/iOS.simruntime/Contents/Resources/RuntimeRoot/System/Library/Frameworks/Foundation.framework/Foundation
               0x0 - 0xffffffffffffffff ??? (*) <00000000-0000-0000-0000-000000000000> ???

EOF

-----------
Full Report
-----------

{"app_name":"IosPokedexOld","timestamp":"2023-07-02 00:10:48.00 -0300","app_version":"1.0","slice_uuid":"d2a95f6c-89e6-362e-a70c-6c07d722773c","build_version":"1","platform":7,"bundleID":"gelinger.IosPokedexOld","share_with_app_devs":1,"is_first_party":0,"bug_type":"309","os_version":"macOS 13.4.1 (22F82)","roots_installed":0,"name":"IosPokedexOld","incident_id":"AE8F5D7C-47B7-46E1-9FE1-B8F428BDA946"}
{
  "uptime" : 5200,
  "procRole" : "Foreground",
  "version" : 2,
  "userID" : 503,
  "deployVersion" : 210,
  "modelCode" : "MacBookAir10,1",
  "coalitionID" : 1433,
  "osVersion" : {
    "train" : "macOS 13.4.1",
    "build" : "22F82",
    "releaseType" : "User"
  },
  "captureTime" : "2023-07-02 00:10:47.7831 -0300",
  "incident" : "AE8F5D7C-47B7-46E1-9FE1-B8F428BDA946",
  "pid" : 35639,
  "translated" : false,
  "cpuType" : "ARM-64",
  "roots_installed" : 0,
  "bug_type" : "309",
  "procLaunch" : "2023-07-02 00:10:47.6830 -0300",
  "procStartAbsTime" : 126993255283,
  "procExitAbsTime" : 126995644766,
  "procName" : "IosPokedexOld",
  "procPath" : "\/Users\/USER\/Library\/Developer\/CoreSimulator\/Devices\/A81B331E-2662-4FA3-89B4-E67D09D0FE5E\/data\/Containers\/Bundle\/Application\/460B0D5A-2DF0-4AA1-B056-1CA3683B3CFA\/IosPokedexOld.app\/IosPokedexOld",
  "bundleInfo" : {"CFBundleShortVersionString":"1.0","CFBundleVersion":"1","CFBundleIdentifier":"gelinger.IosPokedexOld"},
  "storeInfo" : {"deviceIdentifierForVendor":"29B07B57-86C8-51C9-92D0-FAC52B7409DB","thirdParty":true},
  "parentProc" : "launchd_sim",
  "parentPid" : 5517,
  "coalitionName" : "com.apple.CoreSimulator.SimDevice.A81B331E-2662-4FA3-89B4-E67D09D0FE5E",
  "crashReporterKey" : "B48230D6-392E-887F-FCA6-A9390A6B7F57",
  "responsiblePid" : 1924,
  "responsibleProc" : "SimulatorTrampoline",
  "codeSigningID" : "gelinger.IosPokedexOld",
  "codeSigningTeamID" : "",
  "codeSigningFlags" : 570425861,
  "codeSigningValidationCategory" : 10,
  "codeSigningTrustLevel" : 0,
  "wakeTime" : 3765,
  "sleepWakeUUID" : "57438510-9746-422F-BFFC-BF54C3A1D297",
  "sip" : "enabled",
  "exception" : {"codes":"0x0000000000000000, 0x0000000000000000","rawCodes":[0,0],"type":"EXC_CRASH","signal":"SIGABRT"},
  "asiBacktraces" : ["0   CoreFoundation                      0x0000000180437330 __exceptionPreprocess + 172\n1   libobjc.A.dylib                     0x0000000180051274 objc_exception_throw + 56\n2   Foundation                          0x0000000180ae29b4 _userInfoForFileAndLine + 0\n3   SVGKit                              0x000000010340f688 -[SVGKImage initWithContentsOfFile:] + 144\n4   SVGKit                              0x000000010340e528 +[SVGKImage imageWithContentsOfFile:] + 108\n5   IosPokedexOld                       0x0000000102f88a3c -[ViewController viewDidLoad] + 240\n6   UIKitCore                           0x0000000109c94e64 -[UIViewController _sendViewDidLoadWithAppearanceProxyObjectTaggingEnabled] + 80\n7   UIKitCore                           0x0000000109c98bc8 -[UIViewController loadViewIfRequired] + 708\n8   UIKitCore                           0x0000000109c98eb4 -[UIViewController view] + 20\n9   UIKitCore                           0x000000010a3668d4 -[UIWindow addRootViewControllerViewIfPossible] + 132\n10  UIKitCore                           0x000000010a366310 -[UIWindow _updateLayerOrderingAndSetLayerHidden:actionBlock:] + 212\n11  UIKitCore                           0x000000010a367150 -[UIWindow _setHidden:forced:] + 228\n12  UIKitCore                           0x000000010a375c18 -[UIWindow _mainQueue_makeKeyAndVisible] + 36\n13  UIKitCore                           0x000000010a561a50 -[UIWindowScene _performDeferredInitialWindowUpdateForConnection] + 204\n14  UIKitCore                           0x00000001098fa868 +[UIScene _sceneForFBSScene:create:withSession:connectionOptions:] + 1096\n15  UIKitCore                           0x000000010a3303c8 -[UIApplication _connectUISceneFromFBSScene:transitionContext:] + 880\n16  UIKitCore                           0x000000010a330850 -[UIApplication workspace:didCreateScene:withTransitionContext:completion:] + 368\n17  UIKitCore                           0x0000000109e8f2a0 -[UIApplicationSceneClientAgent scene:didInitializeWithEvent:completion:] + 260\n18  FrontBoardServices                  0x0000000184e58bfc -[FBSScene _callOutQueue_agent_didCreateWithTransitionContext:completion:] + 316\n19  FrontBoardServices                  0x0000000184e7f638 __92-[FBSWorkspaceScenesClient createSceneWithIdentity:parameters:transitionContext:completion:]_block_invoke.61 + 92\n20  FrontBoardServices                  0x0000000184e64704 -[FBSWorkspace _calloutQueue_executeCalloutFromSource:withBlock:] + 160\n21  FrontBoardServices                  0x0000000184e7f2dc __92-[FBSWorkspaceScenesClient createSceneWithIdentity:parameters:transitionContext:completion:]_block_invoke + 296\n22  libdispatch.dylib                   0x0000000180134708 _dispatch_client_callout + 16\n23  libdispatch.dylib                   0x0000000180138644 _dispatch_block_invoke_direct + 376\n24  FrontBoardServices                  0x0000000184e9ef14 __FBSSERIALQUEUE_IS_CALLING_OUT_TO_A_BLOCK__ + 44\n25  FrontBoardServices                  0x0000000184e9ee08 -[FBSSerialQueue _targetQueue_performNextIfPossible] + 176\n26  FrontBoardServices                  0x0000000184e9ef48 -[FBSSerialQueue _performNextFromRunLoopSource] + 24\n27  CoreFoundation                      0x000000018039ac6c __CFRUNLOOP_IS_CALLING_OUT_TO_A_SOURCE0_PERFORM_FUNCTION__ + 24\n28  CoreFoundation                      0x000000018039abb4 __CFRunLoopDoSource0 + 172\n29  CoreFoundation                      0x000000018039a37c __CFRunLoopDoSources0 + 320\n30  CoreFoundation                      0x0000000180394958 __CFRunLoopRun + 748\n31  CoreFoundation                      0x0000000180394254 CFRunLoopRunSpecific + 584\n32  GraphicsServices                    0x0000000188eb7c9c GSEventRunModal + 160\n33  UIKitCore                           0x000000010a32eff0 -[UIApplication _run] + 868\n34  UIKitCore                           0x000000010a332f3c UIApplicationMain + 124\n35  IosPokedexOld                       0x0000000102f890a4 main + 120\n36  dyld                                0x000000010327d514 start_sim + 20\n37  ???                                 0x0000000103189f28 0x0 + 4346912552\n38  ???                                 0x1354800000000000 0x0 + 1392878922252681216"],
  "extMods" : {"caller":{"thread_create":0,"thread_set_state":0,"task_for_pid":0},"system":{"thread_create":0,"thread_set_state":0,"task_for_pid":0},"targeted":{"thread_create":0,"thread_set_state":0,"task_for_pid":0},"warnings":0},
  "lastExceptionBacktrace" : [{"imageOffset":1188644,"symbol":"__exceptionPreprocess","symbolLocation":160,"imageIndex":24},{"imageOffset":152180,"symbol":"objc_exception_throw","symbolLocation":56,"imageIndex":21},{"imageOffset":3836340,"symbol":"_userInfoForFileAndLine","symbolLocation":0,"imageIndex":26},{"imageOffset":145032,"sourceLine":341,"sourceFile":"SVGKImage.m","symbol":"-[SVGKImage initWithContentsOfFile:]","imageIndex":4,"symbolLocation":144},{"imageOffset":140584,"sourceLine":226,"sourceFile":"SVGKImage.m","symbol":"+[SVGKImage imageWithContentsOfFile:]","imageIndex":4,"symbolLocation":108},{"imageOffset":19004,"sourceLine":20,"sourceFile":"ViewController.m","symbol":"-[ViewController viewDidLoad]","imageIndex":2,"symbolLocation":240},{"imageOffset":4083300,"symbol":"-[UIViewController _sendViewDidLoadWithAppearanceProxyObjectTaggingEnabled]","symbolLocation":80,"imageIndex":7},{"imageOffset":4099016,"symbol":"-[UIViewController loadViewIfRequired]","symbolLocation":708,"imageIndex":7},{"imageOffset":4099764,"symbol":"-[UIViewController view]","symbolLocation":20,"imageIndex":7},{"imageOffset":11233492,"symbol":"-[UIWindow addRootViewControllerViewIfPossible]","symbolLocation":132,"imageIndex":7},{"imageOffset":11232016,"symbol":"-[UIWindow _updateLayerOrderingAndSetLayerHidden:actionBlock:]","symbolLocation":212,"imageIndex":7},{"imageOffset":11235664,"symbol":"-[UIWindow _setHidden:forced:]","symbolLocation":228,"imageIndex":7},{"imageOffset":11295768,"symbol":"-[UIWindow _mainQueue_makeKeyAndVisible]","symbolLocation":36,"imageIndex":7},{"imageOffset":13310544,"symbol":"-[UIWindowScene _performDeferredInitialWindowUpdateForConnection]","symbolLocation":204,"imageIndex":7},{"imageOffset":305256,"symbol":"+[UIScene _sceneForFBSScene:create:withSession:connectionOptions:]","symbolLocation":1096,"imageIndex":7},{"imageOffset":11011016,"symbol":"-[UIApplication _connectUISceneFromFBSScene:transitionContext:]","symbolLocation":880,"imageIndex":7},{"imageOffset":11012176,"symbol":"-[UIApplication workspace:didCreateScene:withTransitionContext:completion:]","symbolLocation":368,"imageIndex":7},{"imageOffset":6156960,"symbol":"-[UIApplicationSceneClientAgent scene:didInitializeWithEvent:completion:]","symbolLocation":260,"imageIndex":7},{"imageOffset":27644,"symbol":"-[FBSScene _callOutQueue_agent_didCreateWithTransitionContext:completion:]","symbolLocation":316,"imageIndex":23},{"imageOffset":185912,"symbol":"__92-[FBSWorkspaceScenesClient createSceneWithIdentity:parameters:transitionContext:completion:]_block_invoke.61","symbolLocation":92,"imageIndex":23},{"imageOffset":75524,"symbol":"-[FBSWorkspace _calloutQueue_executeCalloutFromSource:withBlock:]","symbolLocation":160,"imageIndex":23},{"imageOffset":185052,"symbol":"__92-[FBSWorkspaceScenesClient createSceneWithIdentity:parameters:transitionContext:completion:]_block_invoke","symbolLocation":296,"imageIndex":23},{"imageOffset":14088,"symbol":"_dispatch_client_callout","symbolLocation":16,"imageIndex":22},{"imageOffset":30276,"symbol":"_dispatch_block_invoke_direct","symbolLocation":376,"imageIndex":22},{"imageOffset":315156,"symbol":"__FBSSERIALQUEUE_IS_CALLING_OUT_TO_A_BLOCK__","symbolLocation":44,"imageIndex":23},{"imageOffset":314888,"symbol":"-[FBSSerialQueue _targetQueue_performNextIfPossible]","symbolLocation":176,"imageIndex":23},{"imageOffset":315208,"symbol":"-[FBSSerialQueue _performNextFromRunLoopSource]","symbolLocation":24,"imageIndex":23},{"imageOffset":547948,"symbol":"__CFRUNLOOP_IS_CALLING_OUT_TO_A_SOURCE0_PERFORM_FUNCTION__","symbolLocation":24,"imageIndex":24},{"imageOffset":547764,"symbol":"__CFRunLoopDoSource0","symbolLocation":172,"imageIndex":24},{"imageOffset":545660,"symbol":"__CFRunLoopDoSources0","symbolLocation":320,"imageIndex":24},{"imageOffset":522584,"symbol":"__CFRunLoopRun","symbolLocation":748,"imageIndex":24},{"imageOffset":520788,"symbol":"CFRunLoopRunSpecific","symbolLocation":584,"imageIndex":24},{"imageOffset":15516,"symbol":"GSEventRunModal","symbolLocation":160,"imageIndex":25},{"imageOffset":11005936,"symbol":"-[UIApplication _run]","symbolLocation":868,"imageIndex":7},{"imageOffset":11022140,"symbol":"UIApplicationMain","symbolLocation":124,"imageIndex":7},{"imageOffset":20644,"sourceLine":17,"sourceFile":"main.m","symbol":"main","imageIndex":2,"symbolLocation":120},{"imageOffset":5396,"symbol":"start_sim","symbolLocation":20,"imageIndex":1},{"imageOffset":24360,"symbol":"start","symbolLocation":2236,"imageIndex":0},{"imageOffset":1392878922252681216,"imageIndex":27}],
  "faultingThread" : 0,
  "threads" : [{"triggered":true,"id":136612,"threadState":{"x":[{"value":0},{"value":0},{"value":0},{"value":0},{"value":6444811527},{"value":6122081840},{"value":110},{"value":1280},{"value":4347527744,"symbolLocation":0,"symbol":"_main_thread"},{"value":11674872442573205157},{"value":512},{"value":11},{"value":11},{"value":2095104},{"value":2043},{"value":2703319117},{"value":328},{"value":2703319117},{"value":0},{"value":6},{"value":4347527744,"symbolLocation":0,"symbol":"_main_thread"},{"value":259},{"value":4347527968,"symbolLocation":224,"symbol":"_main_thread"},{"value":0},{"value":18446744069448138752},{"value":2},{"value":1},{"value":554827989},{"value":1}],"flavor":"ARM_THREAD_STATE64","lr":{"value":7273152812},"cpsr":{"value":1073745920},"fp":{"value":6122081696},"sp":{"value":6122081664},"esr":{"value":1442840704,"description":" Address size fault"},"pc":{"value":7272808360,"matchesCrashFrame":1},"far":{"value":6444749404}},"queue":"com.apple.main-thread","frames":[{"imageOffset":36776,"symbol":"__pthread_kill","symbolLocation":8,"imageIndex":17},{"imageOffset":28972,"symbol":"pthread_kill","symbolLocation":256,"imageIndex":18},{"imageOffset":468796,"symbol":"abort","symbolLocation":124,"imageIndex":19},{"imageOffset":82088,"symbol":"abort_message","symbolLocation":128,"imageIndex":20},{"imageOffset":19412,"symbol":"demangling_terminate_handler()","symbolLocation":300,"imageIndex":20},{"imageOffset":28328,"symbol":"_objc_terminate()","symbolLocation":124,"imageIndex":21},{"imageOffset":79232,"symbol":"std::__terminate(void (*)())","symbolLocation":12,"imageIndex":20},{"imageOffset":79152,"symbol":"std::terminate()","symbolLocation":52,"imageIndex":20},{"imageOffset":14108,"symbol":"_dispatch_client_callout","symbolLocation":36,"imageIndex":22},{"imageOffset":30276,"symbol":"_dispatch_block_invoke_direct","symbolLocation":376,"imageIndex":22},{"imageOffset":315156,"symbol":"__FBSSERIALQUEUE_IS_CALLING_OUT_TO_A_BLOCK__","symbolLocation":44,"imageIndex":23},{"imageOffset":314888,"symbol":"-[FBSSerialQueue _targetQueue_performNextIfPossible]","symbolLocation":176,"imageIndex":23},{"imageOffset":315208,"symbol":"-[FBSSerialQueue _performNextFromRunLoopSource]","symbolLocation":24,"imageIndex":23},{"imageOffset":547948,"symbol":"__CFRUNLOOP_IS_CALLING_OUT_TO_A_SOURCE0_PERFORM_FUNCTION__","symbolLocation":24,"imageIndex":24},{"imageOffset":547764,"symbol":"__CFRunLoopDoSource0","symbolLocation":172,"imageIndex":24},{"imageOffset":545660,"symbol":"__CFRunLoopDoSources0","symbolLocation":320,"imageIndex":24},{"imageOffset":522584,"symbol":"__CFRunLoopRun","symbolLocation":748,"imageIndex":24},{"imageOffset":520788,"symbol":"CFRunLoopRunSpecific","symbolLocation":584,"imageIndex":24},{"imageOffset":15516,"symbol":"GSEventRunModal","symbolLocation":160,"imageIndex":25},{"imageOffset":11005936,"symbol":"-[UIApplication _run]","symbolLocation":868,"imageIndex":7},{"imageOffset":11022140,"symbol":"UIApplicationMain","symbolLocation":124,"imageIndex":7},{"imageOffset":20644,"sourceLine":17,"sourceFile":"main.m","symbol":"main","imageIndex":2,"symbolLocation":120},{"imageOffset":5396,"symbol":"start_sim","symbolLocation":20,"imageIndex":1},{"imageOffset":24360,"symbol":"start","symbolLocation":2236,"imageIndex":0}]},{"id":136637,"frames":[{"imageOffset":9780,"symbol":"start_wqthread","symbolLocation":0,"imageIndex":18}]},{"id":136638,"frames":[{"imageOffset":9780,"symbol":"start_wqthread","symbolLocation":0,"imageIndex":18}]},{"id":136639,"frames":[{"imageOffset":9780,"symbol":"start_wqthread","symbolLocation":0,"imageIndex":18}]},{"id":136640,"name":"com.apple.uikit.eventfetch-thread","frames":[{"imageOffset":4496,"symbol":"mach_msg2_trap","symbolLocation":8,"imageIndex":17},{"imageOffset":74328,"symbol":"mach_msg2_internal","symbolLocation":76,"imageIndex":17},{"imageOffset":37784,"symbol":"mach_msg_overwrite","symbolLocation":540,"imageIndex":17},{"imageOffset":5376,"symbol":"mach_msg","symbolLocation":20,"imageIndex":17},{"imageOffset":545960,"symbol":"__CFRunLoopServiceMachPort","symbolLocation":156,"imageIndex":24},{"imageOffset":522964,"symbol":"__CFRunLoopRun","symbolLocation":1128,"imageIndex":24},{"imageOffset":520788,"symbol":"CFRunLoopRunSpecific","symbolLocation":584,"imageIndex":24},{"imageOffset":4584636,"symbol":"-[NSRunLoop(NSRunLoop) runMode:beforeDate:]","symbolLocation":208,"imageIndex":26},{"imageOffset":4585184,"symbol":"-[NSRunLoop(NSRunLoop) runUntilDate:]","symbolLocation":60,"imageIndex":26},{"imageOffset":11659028,"symbol":"-[UIEventFetcher threadMain]","symbolLocation":404,"imageIndex":7},{"imageOffset":4738528,"symbol":"__NSThread__start__","symbolLocation":704,"imageIndex":26},{"imageOffset":29736,"symbol":"_pthread_start","symbolLocation":116,"imageIndex":18},{"imageOffset":9800,"symbol":"thread_start","symbolLocation":8,"imageIndex":18}]},{"id":136641,"frames":[{"imageOffset":9780,"symbol":"start_wqthread","symbolLocation":0,"imageIndex":18}]},{"id":136642,"frames":[{"imageOffset":9780,"symbol":"start_wqthread","symbolLocation":0,"imageIndex":18}]}],
  "usedImages" : [
  {
    "source" : "P",
    "arch" : "arm64e",
    "base" : 4346888192,
    "size" : 589824,
    "uuid" : "2237410f-d39c-30ce-9a94-13aacb66b766",
    "path" : "\/usr\/lib\/dyld",
    "name" : "dyld"
  },
  {
    "source" : "P",
    "arch" : "arm64",
    "base" : 4347904000,
    "size" : 327680,
    "uuid" : "4eba7f04-0a30-3166-8a68-9125b8a1d5f9",
    "path" : "\/Users\/USER\/Downloads\/*\/Xcode.app\/Contents\/Developer\/Platforms\/iPhoneOS.platform\/Library\/Developer\/CoreSimulator\/Profiles\/Runtimes\/iOS.simruntime\/Contents\/Resources\/RuntimeRoot\/usr\/lib\/dyld_sim",
    "name" : "dyld_sim"
  },
  {
    "source" : "P",
    "arch" : "arm64",
    "base" : 4344791040,
    "CFBundleShortVersionString" : "1.0",
    "CFBundleIdentifier" : "gelinger.IosPokedexOld",
    "size" : 32768,
    "uuid" : "d2a95f6c-89e6-362e-a70c-6c07d722773c",
    "path" : "\/Users\/USER\/Library\/Developer\/CoreSimulator\/Devices\/A81B331E-2662-4FA3-89B4-E67D09D0FE5E\/data\/Containers\/Bundle\/Application\/460B0D5A-2DF0-4AA1-B056-1CA3683B3CFA\/IosPokedexOld.app\/IosPokedexOld",
    "name" : "IosPokedexOld",
    "CFBundleVersion" : "1"
  },
  {
    "source" : "P",
    "arch" : "arm64",
    "base" : 4345856000,
    "CFBundleShortVersionString" : "3.7.4",
    "CFBundleIdentifier" : "org.cocoapods.CocoaLumberjack",
    "size" : 163840,
    "uuid" : "917a7349-bafd-3732-9e92-27bb0e7ad58b",
    "path" : "\/Users\/USER\/Library\/Developer\/CoreSimulator\/Devices\/A81B331E-2662-4FA3-89B4-E67D09D0FE5E\/data\/Containers\/Bundle\/Application\/460B0D5A-2DF0-4AA1-B056-1CA3683B3CFA\/IosPokedexOld.app\/Frameworks\/CocoaLumberjack.framework\/CocoaLumberjack",
    "name" : "CocoaLumberjack",
    "CFBundleVersion" : "1"
  },
  {
    "source" : "P",
    "arch" : "arm64",
    "base" : 4349411328,
    "CFBundleShortVersionString" : "3.0.0",
    "CFBundleIdentifier" : "org.cocoapods.SVGKit",
    "size" : 393216,
    "uuid" : "e48595a8-66cd-3e63-8ecd-736165a49946",
    "path" : "\/Users\/USER\/Library\/Developer\/CoreSimulator\/Devices\/A81B331E-2662-4FA3-89B4-E67D09D0FE5E\/data\/Containers\/Bundle\/Application\/460B0D5A-2DF0-4AA1-B056-1CA3683B3CFA\/IosPokedexOld.app\/Frameworks\/SVGKit.framework\/SVGKit",
    "name" : "SVGKit",
    "CFBundleVersion" : "1"
  },
  {
    "source" : "P",
    "arch" : "arm64",
    "base" : 4345577472,
    "CFBundleShortVersionString" : "1.0",
    "CFBundleIdentifier" : "com.apple.UIKit",
    "size" : 16384,
    "uuid" : "7e2b5d6b-224b-39a1-af92-5f3909a01490",
    "path" : "\/Users\/USER\/Downloads\/*\/Xcode.app\/Contents\/Developer\/Platforms\/iPhoneOS.platform\/Library\/Developer\/CoreSimulator\/Profiles\/Runtimes\/iOS.simruntime\/Contents\/Resources\/RuntimeRoot\/System\/Library\/Frameworks\/UIKit.framework\/UIKit",
    "name" : "UIKit",
    "CFBundleVersion" : "6441.1.101"
  },
  {
    "source" : "P",
    "arch" : "arm64",
    "base" : 4348510208,
    "CFBundleShortVersionString" : "1.0",
    "CFBundleIdentifier" : "com.apple.DocumentManager",
    "size" : 294912,
    "uuid" : "f55c5260-df24-3181-b7be-db7ee1ceae80",
    "path" : "\/Users\/USER\/Downloads\/*\/Xcode.app\/Contents\/Developer\/Platforms\/iPhoneOS.platform\/Library\/Developer\/CoreSimulator\/Profiles\/Runtimes\/iOS.simruntime\/Contents\/Resources\/RuntimeRoot\/System\/Library\/PrivateFrameworks\/DocumentManager.framework\/DocumentManager",
    "name" : "DocumentManager",
    "CFBundleVersion" : "280.5.15"
  },
  {
    "source" : "P",
    "arch" : "arm64",
    "base" : 4455071744,
    "CFBundleShortVersionString" : "1.0",
    "CFBundleIdentifier" : "com.apple.UIKitCore",
    "size" : 24002560,
    "uuid" : "6726ae46-2599-3f92-adca-c48a0512d4ea",
    "path" : "\/Users\/USER\/Downloads\/*\/Xcode.app\/Contents\/Developer\/Platforms\/iPhoneOS.platform\/Library\/Developer\/CoreSimulator\/Profiles\/Runtimes\/iOS.simruntime\/Contents\/Resources\/RuntimeRoot\/System\/Library\/PrivateFrameworks\/UIKitCore.framework\/UIKitCore",
    "name" : "UIKitCore",
    "CFBundleVersion" : "6441.1.101"
  },
  {
    "source" : "P",
    "arch" : "arm64",
    "base" : 4354916352,
    "CFBundleShortVersionString" : "1885",
    "CFBundleIdentifier" : "com.apple.ShareSheet",
    "size" : 983040,
    "uuid" : "dc8e84eb-1e2c-3415-af31-e86b29fa6b2d",
    "path" : "\/Users\/USER\/Downloads\/*\/Xcode.app\/Contents\/Developer\/Platforms\/iPhoneOS.platform\/Library\/Developer\/CoreSimulator\/Profiles\/Runtimes\/iOS.simruntime\/Contents\/Resources\/RuntimeRoot\/System\/Library\/PrivateFrameworks\/ShareSheet.framework\/ShareSheet",
    "name" : "ShareSheet",
    "CFBundleVersion" : "1885"
  },
  {
    "source" : "P",
    "arch" : "arm64",
    "base" : 4352868352,
    "CFBundleShortVersionString" : "1.0",
    "CFBundleIdentifier" : "com.apple.PrintKitUI",
    "size" : 573440,
    "uuid" : "74ff1df9-3f27-335a-9673-8991789c7e21",
    "path" : "\/Users\/USER\/Downloads\/*\/Xcode.app\/Contents\/Developer\/Platforms\/iPhoneOS.platform\/Library\/Developer\/CoreSimulator\/Profiles\/Runtimes\/iOS.simruntime\/Contents\/Resources\/RuntimeRoot\/System\/Library\/PrivateFrameworks\/PrintKitUI.framework\/PrintKitUI",
    "name" : "PrintKitUI",
    "CFBundleVersion" : "15.6"
  },
  {
    "source" : "P",
    "arch" : "arm64",
    "base" : 4364156928,
    "CFBundleShortVersionString" : "8615",
    "CFBundleIdentifier" : "com.apple.WebKitLegacy",
    "size" : 1671168,
    "uuid" : "d8b6af72-5e3d-39b2-bb59-e512d81bc65b",
    "path" : "\/Users\/USER\/Downloads\/*\/Xcode.app\/Contents\/Developer\/Platforms\/iPhoneOS.platform\/Library\/Developer\/CoreSimulator\/Profiles\/Runtimes\/iOS.simruntime\/Contents\/Resources\/RuntimeRoot\/System\/Cryptexes\/OS\/System\/Library\/PrivateFrameworks\/WebKitLegacy.framework\/WebKitLegacy",
    "name" : "WebKitLegacy",
    "CFBundleVersion" : "8615.1.26.10.23"
  },
  {
    "source" : "P",
    "arch" : "arm64",
    "base" : 4425547776,
    "CFBundleShortVersionString" : "8615",
    "CFBundleIdentifier" : "com.apple.JavaScriptCore",
    "size" : 21725184,
    "uuid" : "6c92ecb5-f484-3925-b8ac-132e313d11cc",
    "path" : "\/Users\/USER\/Downloads\/*\/Xcode.app\/Contents\/Developer\/Platforms\/iPhoneOS.platform\/Library\/Developer\/CoreSimulator\/Profiles\/Runtimes\/iOS.simruntime\/Contents\/Resources\/RuntimeRoot\/System\/Cryptexes\/OS\/System\/Library\/Frameworks\/JavaScriptCore.framework\/JavaScriptCore",
    "name" : "JavaScriptCore",
    "CFBundleVersion" : "8615.1.26.10.23"
  },
  {
    "source" : "P",
    "arch" : "arm64",
    "base" : 4638113792,
    "CFBundleShortVersionString" : "8615",
    "CFBundleIdentifier" : "com.apple.WebCore",
    "size" : 41779200,
    "uuid" : "d5407764-9477-39b2-913f-54409e0fe6cd",
    "path" : "\/Users\/USER\/Downloads\/*\/Xcode.app\/Contents\/Developer\/Platforms\/iPhoneOS.platform\/Library\/Developer\/CoreSimulator\/Profiles\/Runtimes\/iOS.simruntime\/Contents\/Resources\/RuntimeRoot\/System\/Cryptexes\/OS\/System\/Library\/PrivateFrameworks\/WebCore.framework\/WebCore",
    "name" : "WebCore",
    "CFBundleVersion" : "8615.1.26.10.23"
  },
  {
    "source" : "P",
    "arch" : "arm64",
    "base" : 4357292032,
    "size" : 3571712,
    "uuid" : "094a5d7d-536f-3c65-bf0f-42037de47f30",
    "path" : "\/Users\/USER\/Downloads\/*\/Xcode.app\/Contents\/Developer\/Platforms\/iPhoneOS.platform\/Library\/Developer\/CoreSimulator\/Profiles\/Runtimes\/iOS.simruntime\/Contents\/Resources\/RuntimeRoot\/System\/Cryptexes\/OS\/System\/Library\/PrivateFrameworks\/WebCore.framework\/Frameworks\/libANGLE-shared.dylib",
    "name" : "libANGLE-shared.dylib"
  },
  {
    "source" : "P",
    "arch" : "arm64",
    "base" : 4346249216,
    "CFBundleShortVersionString" : "8615",
    "CFBundleIdentifier" : "com.apple.WebGPU",
    "size" : 360448,
    "uuid" : "84b58cce-be36-3c7e-8f54-801c8cb3c7fa",
    "path" : "\/Users\/USER\/Downloads\/*\/Xcode.app\/Contents\/Developer\/Platforms\/iPhoneOS.platform\/Library\/Developer\/CoreSimulator\/Profiles\/Runtimes\/iOS.simruntime\/Contents\/Resources\/RuntimeRoot\/System\/Cryptexes\/OS\/System\/Library\/PrivateFrameworks\/WebGPU.framework\/WebGPU",
    "name" : "WebGPU",
    "CFBundleVersion" : "8615.1.26.10.23"
  },
  {
    "source" : "P",
    "arch" : "arm64",
    "base" : 4397072384,
    "size" : 10829824,
    "uuid" : "f606aa36-49b5-3263-a825-d170b63fa66a",
    "path" : "\/Users\/USER\/Downloads\/*\/Xcode.app\/Contents\/Developer\/Platforms\/iPhoneOS.platform\/Library\/Developer\/CoreSimulator\/Profiles\/Runtimes\/iOS.simruntime\/Contents\/Resources\/RuntimeRoot\/System\/Cryptexes\/OS\/System\/Library\/PrivateFrameworks\/WebCore.framework\/Frameworks\/libwebrtc.dylib",
    "name" : "libwebrtc.dylib"
  },
  {
    "source" : "P",
    "arch" : "arm64",
    "base" : 4351033344,
    "size" : 49152,
    "uuid" : "806ae646-0aee-359b-883f-e4018780ec94",
    "path" : "\/Users\/USER\/Downloads\/*\/Xcode.app\/Contents\/Developer\/Platforms\/iPhoneOS.platform\/Library\/Developer\/CoreSimulator\/Profiles\/Runtimes\/iOS.simruntime\/Contents\/Resources\/RuntimeRoot\/usr\/lib\/libobjc-trampolines.dylib",
    "name" : "libobjc-trampolines.dylib"
  },
  {
    "source" : "P",
    "arch" : "arm64",
    "base" : 7272771584,
    "size" : 229352,
    "uuid" : "4440d44a-2ab3-3da1-9d8b-42f51e44b45b",
    "path" : "\/usr\/lib\/system\/libsystem_kernel.dylib",
    "name" : "libsystem_kernel.dylib"
  },
  {
    "source" : "P",
    "arch" : "arm64",
    "base" : 7273123840,
    "size" : 53240,
    "uuid" : "ba7c01fe-353b-3146-a7c6-f2bb8a0fa842",
    "path" : "\/usr\/lib\/system\/libsystem_pthread.dylib",
    "name" : "libsystem_pthread.dylib"
  },
  {
    "source" : "P",
    "arch" : "arm64",
    "base" : 6443196416,
    "size" : 503804,
    "uuid" : "6b3ced39-3f0d-3bb2-a2b1-34062cf5c8eb",
    "path" : "\/Users\/USER\/Downloads\/*\/Xcode.app\/Contents\/Developer\/Platforms\/iPhoneOS.platform\/Library\/Developer\/CoreSimulator\/Profiles\/Runtimes\/iOS.simruntime\/Contents\/Resources\/RuntimeRoot\/usr\/lib\/system\/libsystem_c.dylib",
    "name" : "libsystem_c.dylib"
  },
  {
    "source" : "P",
    "arch" : "arm64",
    "base" : 6444716032,
    "size" : 106496,
    "uuid" : "0e23e223-5e94-3fc8-9d0e-a75c9606e267",
    "path" : "\/Users\/USER\/Downloads\/*\/Xcode.app\/Contents\/Developer\/Platforms\/iPhoneOS.platform\/Library\/Developer\/CoreSimulator\/Profiles\/Runtimes\/iOS.simruntime\/Contents\/Resources\/RuntimeRoot\/usr\/lib\/libc++abi.dylib",
    "name" : "libc++abi.dylib"
  },
  {
    "source" : "P",
    "arch" : "arm64",
    "base" : 6442631168,
    "size" : 216864,
    "uuid" : "dfe7d97e-d1bd-38d9-b8f1-5c58d6bbf6ad",
    "path" : "\/Users\/USER\/Downloads\/*\/Xcode.app\/Contents\/Developer\/Platforms\/iPhoneOS.platform\/Library\/Developer\/CoreSimulator\/Profiles\/Runtimes\/iOS.simruntime\/Contents\/Resources\/RuntimeRoot\/usr\/lib\/libobjc.A.dylib",
    "name" : "libobjc.A.dylib"
  },
  {
    "source" : "P",
    "arch" : "arm64",
    "base" : 6443700224,
    "size" : 290816,
    "uuid" : "392b7c55-8c38-3dea-b7af-c3d7f518e987",
    "path" : "\/Users\/USER\/Downloads\/*\/Xcode.app\/Contents\/Developer\/Platforms\/iPhoneOS.platform\/Library\/Developer\/CoreSimulator\/Profiles\/Runtimes\/iOS.simruntime\/Contents\/Resources\/RuntimeRoot\/usr\/lib\/system\/libdispatch.dylib",
    "name" : "libdispatch.dylib"
  },
  {
    "source" : "P",
    "arch" : "arm64",
    "base" : 6524575744,
    "CFBundleShortVersionString" : "812.106",
    "CFBundleIdentifier" : "com.apple.FrontBoardServices",
    "size" : 610304,
    "uuid" : "27de4127-9c41-3ae7-b6c0-d00b0bcd38cd",
    "path" : "\/Users\/USER\/Downloads\/*\/Xcode.app\/Contents\/Developer\/Platforms\/iPhoneOS.platform\/Library\/Developer\/CoreSimulator\/Profiles\/Runtimes\/iOS.simruntime\/Contents\/Resources\/RuntimeRoot\/System\/Library\/PrivateFrameworks\/FrontBoardServices.framework\/FrontBoardServices",
    "name" : "FrontBoardServices",
    "CFBundleVersion" : "812.106"
  },
  {
    "source" : "P",
    "arch" : "arm64",
    "base" : 6445682688,
    "CFBundleShortVersionString" : "6.9",
    "CFBundleIdentifier" : "com.apple.CoreFoundation",
    "size" : 3862528,
    "uuid" : "132e87d0-14ac-310c-a5e9-3d9c921cc8ea",
    "path" : "\/Users\/USER\/Downloads\/*\/Xcode.app\/Contents\/Developer\/Platforms\/iPhoneOS.platform\/Library\/Developer\/CoreSimulator\/Profiles\/Runtimes\/iOS.simruntime\/Contents\/Resources\/RuntimeRoot\/System\/Library\/Frameworks\/CoreFoundation.framework\/CoreFoundation",
    "name" : "CoreFoundation",
    "CFBundleVersion" : "1971"
  },
  {
    "source" : "P",
    "arch" : "arm64",
    "base" : 6592086016,
    "CFBundleShortVersionString" : "1.0",
    "CFBundleIdentifier" : "com.apple.GraphicsServices",
    "size" : 36864,
    "uuid" : "8e24edb2-1c99-3652-9ef0-e66191675515",
    "path" : "\/Users\/USER\/Downloads\/*\/Xcode.app\/Contents\/Developer\/Platforms\/iPhoneOS.platform\/Library\/Developer\/CoreSimulator\/Profiles\/Runtimes\/iOS.simruntime\/Contents\/Resources\/RuntimeRoot\/System\/Library\/PrivateFrameworks\/GraphicsServices.framework\/GraphicsServices",
    "name" : "GraphicsServices",
    "CFBundleVersion" : "1.0"
  },
  {
    "source" : "P",
    "arch" : "arm64",
    "base" : 6450028544,
    "CFBundleShortVersionString" : "6.9",
    "CFBundleIdentifier" : "com.apple.Foundation",
    "size" : 8724480,
    "uuid" : "e7f2a1f0-fb2c-3074-a4ea-e5853bffcee4",
    "path" : "\/Users\/USER\/Downloads\/*\/Xcode.app\/Contents\/Developer\/Platforms\/iPhoneOS.platform\/Library\/Developer\/CoreSimulator\/Profiles\/Runtimes\/iOS.simruntime\/Contents\/Resources\/RuntimeRoot\/System\/Library\/Frameworks\/Foundation.framework\/Foundation",
    "name" : "Foundation",
    "CFBundleVersion" : "1971"
  },
  {
    "size" : 0,
    "source" : "A",
    "base" : 0,
    "uuid" : "00000000-0000-0000-0000-000000000000"
  }
],
  "sharedCache" : {
  "base" : 6442450944,
  "size" : 1394393088,
  "uuid" : "a6bea828-4389-372a-ab17-d0946da18f2a"
},
  "vmSummary" : "ReadOnly portion of Libraries: Total=665.4M resident=0K(0%) swapped_out_or_unallocated=665.4M(100%)\nWritable regions: Total=602.2M written=0K(0%) resident=0K(0%) swapped_out=0K(0%) unallocated=602.2M(100%)\n\n                                VIRTUAL   REGION \nREGION TYPE                        SIZE    COUNT (non-coalesced) \n===========                     =======  ======= \nActivity Tracing                   256K        1 \nColorSync                           48K        3 \nFoundation                          16K        1 \nKernel Alloc Once                   32K        1 \nMALLOC                           205.4M       35 \nMALLOC guard page                  128K        6 \nMALLOC_NANO (reserved)           384.0M        1         reserved VM address space (unallocated)\nSTACK GUARD                       56.1M        7 \nStack                             11.2M        7 \nVM_ALLOCATE                         32K        1 \n__DATA                            5646K      269 \n__DATA_CONST                      24.9M      282 \n__DATA_DIRTY                        66K       11 \n__FONT_DATA                          4K        1 \n__LINKEDIT                       380.9M       18 \n__OBJC_RO                         29.1M        1 \n__OBJC_RW                          898K        1 \n__TEXT                           284.4M      290 \ndyld private memory                816K        6 \nmapped file                       29.1M        3 \nshared memory                       16K        1 \n===========                     =======  ======= \nTOTAL                              1.4G      946 \nTOTAL, minus reserved VM space     1.0G      946 \n",
  "legacyInfo" : {
  "threadTriggered" : {
    "queue" : "com.apple.main-thread"
  }
},
  "logWritingSignature" : "356a559891936d9ef164690c95e8cf9853f85d04",
  "trialInfo" : {
  "rollouts" : [
    {
      "rolloutId" : "60f8ddccefea4203d95cbeef",
      "factorPackIds" : {

      },
      "deploymentId" : 240000025
    },
    {
      "rolloutId" : "62c751b6bcb0435c2153fe92",
      "factorPackIds" : {
        "SIRI_UNDERSTANDING_ASR_ASSISTANT" : "64914f78797b551e332d6dd2",
        "SIRI_UNDERSTANDING_MORPHUN" : "63f00b1c06644d312600c7bd"
      },
      "deploymentId" : 240000254
    }
  ],
  "experiments" : [
    {
      "treatmentId" : "c28e4ee6-1b08-4f90-8e05-2809e78310a3",
      "experimentId" : "6317d2003d24842ff850182a",
      "deploymentId" : 400000013
    }
  ]
}
}

Model: MacBookAir10,1, BootROM 8422.121.1, proc 8:4:4 processors, 16 GB, SMC 
Graphics: Apple M1, Apple M1, Built-In
Display: Color LCD, 2560 x 1600 Retina, Main, MirrorOff, Online
Memory Module: LPDDR4, Hynix
AirPort: spairport_wireless_card_type_wifi (0x14E4, 0x4378), wl0: Jan 12 2023 05:52:26 version 18.20.383.14.7.8.149 FWID 01-1469d19d
Bluetooth: Version (null), 0 services, 0 devices, 0 incoming serial ports
Network Service: Wi-Fi, AirPort, en0
USB Device: USB31Bus
USB Device: USB31Bus
Thunderbolt Bus: MacBook Air, Apple Inc.
Thunderbolt Bus: MacBook Air, Apple Inc.

